[0902/105648.359:ERROR:browser_process_sub_thread.cc(221)] Waited 18 ms for network service
[0902/105724.320:ERROR:browser_process_sub_thread.cc(221)] Waited 18 ms for network service
[0902/105738.656:INFO:CONSOLE(0)] "HTML Imports is deprecated and will be removed in M73, around March 2019. Please use ES modules instead. See https://www.chromestatus.com/features/5144752345317376 for more details.", source:  (0)
[0902/105738.759:INFO:CONSOLE(0)] "HTML Imports is deprecated and will be removed in M73, around March 2019. Please use ES modules instead. See https://www.chromestatus.com/features/5144752345317376 for more details.", source:  (0)
[0902/105738.989:INFO:CONSOLE(0)] "Refused to display 'https://accounts.google.com/ServiceLogin?hl=en&continue=https%3A%2F%2Fwww.youtube.com%2Fsignin%3Fhl%3Den%26next%3D%252Fsignin_passive%26feature%3Dpassive%26action_handle_signin%3Dtrue%26app%3Ddesktop&passive=true&service=youtube&uilel=3' in a frame because it set 'X-Frame-Options' to 'deny'.", source: https://www.youtube.com/ (0)
[0902/105739.469:INFO:CONSOLE(0)] "Refused to display 'https://accounts.google.com/ServiceLogin?uilel=3&service=youtube&passive=true&continue=https%3A%2F%2Fwww.youtube.com%2Fsignin%3Faction_handle_signin%3Dtrue%26app%3Ddesktop%26feature%3Dpassive%26next%3D%252Fsignin_passive%26hl%3Den&hl=en' in a frame because it set 'X-Frame-Options' to 'deny'.", source: https://www.youtube.com/ (0)
[0902/105739.934:INFO:CONSOLE(15)] "chrome.loadTimes() is deprecated, instead use standardized API: nextHopProtocol in Navigation Timing 2. https://www.chromestatus.com/features/5637885046816768.", source: https://www.youtube.com/yts/jsbin/network-vflX047bV/network.js (15)
[0902/105740.045:INFO:CONSOLE(15)] "chrome.loadTimes() is deprecated, instead use standardized API: nextHopProtocol in Navigation Timing 2. https://www.chromestatus.com/features/5637885046816768.", source: https://www.youtube.com/yts/jsbin/network-vflX047bV/network.js (15)
[0902/105742.933:INFO:CONSOLE(0)] "The resource https://i.ytimg.com/generate_204 was preloaded using link preload but not used within a few seconds from the window's load event. Please make sure it has an appropriate `as` value and it is preloaded intentionally.", source:  (0)
[0902/105743.080:INFO:CONSOLE(0)] "The resource https://i.ytimg.com/generate_204 was preloaded using link preload but not used within a few seconds from the window's load event. Please make sure it has an appropriate `as` value and it is preloaded intentionally.", source:  (0)
[0902/105746.988:INFO:CONSOLE(1)] "The devicemotion events are blocked by feature policy. See https://github.com/WICG/feature-policy/blob/master/features.md#sensor-features", source:  (1)
[0902/105746.988:INFO:CONSOLE(1)] "The deviceorientation events are blocked by feature policy. See https://github.com/WICG/feature-policy/blob/master/features.md#sensor-features", source:  (1)
[0902/105800.403:ERROR:browser_process_sub_thread.cc(221)] Waited 22 ms for network service
[0902/111714.256:INFO:CONSOLE(0)] "HTML Imports is deprecated and will be removed in M73, around March 2019. Please use ES modules instead. See https://www.chromestatus.com/features/5144752345317376 for more details.", source:  (0)
[0902/111714.450:INFO:CONSOLE(0)] "HTML Imports is deprecated and will be removed in M73, around March 2019. Please use ES modules instead. See https://www.chromestatus.com/features/5144752345317376 for more details.", source:  (0)
[0902/111715.080:INFO:CONSOLE(0)] "Refused to display 'https://accounts.google.com/ServiceLogin?passive=true&uilel=3&hl=en&continue=https%3A%2F%2Fwww.youtube.com%2Fsignin%3Fnext%3D%252Fsignin_passive%26action_handle_signin%3Dtrue%26hl%3Den%26app%3Ddesktop%26feature%3Dpassive&service=youtube' in a frame because it set 'X-Frame-Options' to 'deny'.", source: https://www.youtube.com/ (0)
[0902/111715.227:INFO:CONSOLE(0)] "Refused to display 'https://accounts.google.com/ServiceLogin?service=youtube&hl=en&uilel=3&continue=https%3A%2F%2Fwww.youtube.com%2Fsignin%3Ffeature%3Dpassive%26hl%3Den%26action_handle_signin%3Dtrue%26next%3D%252Fsignin_passive%26app%3Ddesktop&passive=true' in a frame because it set 'X-Frame-Options' to 'deny'.", source: https://www.youtube.com/ (0)
[0902/111715.554:INFO:CONSOLE(15)] "chrome.loadTimes() is deprecated, instead use standardized API: nextHopProtocol in Navigation Timing 2. https://www.chromestatus.com/features/5637885046816768.", source: https://www.youtube.com/yts/jsbin/network-vflX047bV/network.js (15)
[0902/111715.721:INFO:CONSOLE(15)] "chrome.loadTimes() is deprecated, instead use standardized API: nextHopProtocol in Navigation Timing 2. https://www.chromestatus.com/features/5637885046816768.", source: https://www.youtube.com/yts/jsbin/network-vflX047bV/network.js (15)
[0902/111718.562:INFO:CONSOLE(0)] "The resource https://i.ytimg.com/generate_204 was preloaded using link preload but not used within a few seconds from the window's load event. Please make sure it has an appropriate `as` value and it is preloaded intentionally.", source:  (0)
[0902/111718.675:INFO:CONSOLE(0)] "The resource https://i.ytimg.com/generate_204 was preloaded using link preload but not used within a few seconds from the window's load event. Please make sure it has an appropriate `as` value and it is preloaded intentionally.", source:  (0)
[0902/111722.615:ERROR:browser_process_sub_thread.cc(221)] Waited 20 ms for network service
[0902/113105.087:INFO:CONSOLE(0)] "HTML Imports is deprecated and will be removed in M73, around March 2019. Please use ES modules instead. See https://www.chromestatus.com/features/5144752345317376 for more details.", source:  (0)
[0902/113105.236:INFO:CONSOLE(0)] "HTML Imports is deprecated and will be removed in M73, around March 2019. Please use ES modules instead. See https://www.chromestatus.com/features/5144752345317376 for more details.", source:  (0)
[0902/113105.390:INFO:CONSOLE(0)] "Refused to display 'https://accounts.google.com/ServiceLogin?uilel=3&hl=en&service=youtube&passive=true&continue=https%3A%2F%2Fwww.youtube.com%2Fsignin%3Ffeature%3Dpassive%26next%3D%252Fsignin_passive%26hl%3Den%26action_handle_signin%3Dtrue%26app%3Ddesktop' in a frame because it set 'X-Frame-Options' to 'deny'.", source: https://www.youtube.com/ (0)
[0902/113105.469:INFO:CONSOLE(0)] "Refused to display 'https://accounts.google.com/ServiceLogin?passive=true&uilel=3&hl=en&continue=https%3A%2F%2Fwww.youtube.com%2Fsignin%3Fnext%3D%252Fsignin_passive%26action_handle_signin%3Dtrue%26hl%3Den%26app%3Ddesktop%26feature%3Dpassive&service=youtube' in a frame because it set 'X-Frame-Options' to 'deny'.", source: https://www.youtube.com/ (0)
[0902/113106.440:INFO:CONSOLE(15)] "chrome.loadTimes() is deprecated, instead use standardized API: nextHopProtocol in Navigation Timing 2. https://www.chromestatus.com/features/5637885046816768.", source: https://www.youtube.com/yts/jsbin/network-vflX047bV/network.js (15)
[0902/113106.592:INFO:CONSOLE(15)] "chrome.loadTimes() is deprecated, instead use standardized API: nextHopProtocol in Navigation Timing 2. https://www.chromestatus.com/features/5637885046816768.", source: https://www.youtube.com/yts/jsbin/network-vflX047bV/network.js (15)
[0902/113109.445:INFO:CONSOLE(0)] "The resource https://i.ytimg.com/generate_204 was preloaded using link preload but not used within a few seconds from the window's load event. Please make sure it has an appropriate `as` value and it is preloaded intentionally.", source:  (0)
[0902/113109.541:INFO:CONSOLE(0)] "The resource https://i.ytimg.com/generate_204 was preloaded using link preload but not used within a few seconds from the window's load event. Please make sure it has an appropriate `as` value and it is preloaded intentionally.", source:  (0)
[0902/113140.864:WARNING:spdy_session.cc(3326)] Received HEADERS for invalid stream 103
[0902/113141.708:ERROR:browser_process_sub_thread.cc(221)] Waited 21 ms for network service
[0902/121724.099:INFO:CONSOLE(0)] "HTML Imports is deprecated and will be removed in M73, around March 2019. Please use ES modules instead. See https://www.chromestatus.com/features/5144752345317376 for more details.", source:  (0)
[0902/121724.145:INFO:CONSOLE(0)] "HTML Imports is deprecated and will be removed in M73, around March 2019. Please use ES modules instead. See https://www.chromestatus.com/features/5144752345317376 for more details.", source:  (0)
[0902/121725.009:INFO:CONSOLE(0)] "Refused to display 'https://accounts.google.com/ServiceLogin?passive=true&hl=en&continue=https%3A%2F%2Fwww.youtube.com%2Fsignin%3Ffeature%3Dpassive%26hl%3Den%26next%3D%252Fsignin_passive%26action_handle_signin%3Dtrue%26app%3Ddesktop&uilel=3&service=youtube' in a frame because it set 'X-Frame-Options' to 'deny'.", source: https://www.youtube.com/ (0)
[0902/121725.167:INFO:CONSOLE(0)] "Refused to display 'https://accounts.google.com/ServiceLogin?service=youtube&hl=en&continue=https%3A%2F%2Fwww.youtube.com%2Fsignin%3Fapp%3Ddesktop%26hl%3Den%26feature%3Dpassive%26action_handle_signin%3Dtrue%26next%3D%252Fsignin_passive&uilel=3&passive=true' in a frame because it set 'X-Frame-Options' to 'deny'.", source: https://www.youtube.com/ (0)
[0902/121725.450:INFO:CONSOLE(15)] "chrome.loadTimes() is deprecated, instead use standardized API: nextHopProtocol in Navigation Timing 2. https://www.chromestatus.com/features/5637885046816768.", source: https://www.youtube.com/yts/jsbin/network-vflX047bV/network.js (15)
[0902/121725.504:INFO:CONSOLE(15)] "chrome.loadTimes() is deprecated, instead use standardized API: nextHopProtocol in Navigation Timing 2. https://www.chromestatus.com/features/5637885046816768.", source: https://www.youtube.com/yts/jsbin/network-vflX047bV/network.js (15)
[0902/121728.455:INFO:CONSOLE(0)] "The resource https://i.ytimg.com/generate_204 was preloaded using link preload but not used within a few seconds from the window's load event. Please make sure it has an appropriate `as` value and it is preloaded intentionally.", source:  (0)
[0902/121728.546:INFO:CONSOLE(0)] "The resource https://i.ytimg.com/generate_204 was preloaded using link preload but not used within a few seconds from the window's load event. Please make sure it has an appropriate `as` value and it is preloaded intentionally.", source:  (0)
[0902/121737.689:ERROR:browser_process_sub_thread.cc(221)] Waited 21 ms for network service
[0902/122217.115:ERROR:browser_process_sub_thread.cc(221)] Waited 18 ms for network service
[0902/124919.056:ERROR:browser_process_sub_thread.cc(221)] Waited 16 ms for network service
[0902/130725.053:ERROR:browser_process_sub_thread.cc(221)] Waited 19 ms for network service
[0902/131417.002:ERROR:browser_process_sub_thread.cc(221)] Waited 17 ms for network service
[0902/153607.938:ERROR:browser_process_sub_thread.cc(221)] Waited 17 ms for network service
[0903/103754.078:ERROR:browser_process_sub_thread.cc(221)] Waited 21 ms for network service
